<?xml version="1.0" encoding="UTF-8"?>
<testsuite xmlns:xsi="http://www.w3.org/2001/XMLSchema-instance" xsi:noNamespaceSchemaLocation="https://maven.apache.org/surefire/maven-surefire-plugin/xsd/surefire-test-report.xsd" name="Plinor.pagesTest" time="79.838" tests="1" errors="0" skipped="0" failures="0">
  <properties>
    <property name="sun.desktop" value="windows"/>
    <property name="awt.toolkit" value="sun.awt.windows.WToolkit"/>
    <property name="file.encoding.pkg" value="sun.io"/>
    <property name="java.specification.version" value="1.8"/>
    <property name="sun.cpu.isalist" value="pentium_pro+mmx pentium_pro pentium+mmx pentium i486 i386 i86"/>
    <property name="sun.jnu.encoding" value="Cp1251"/>
    <property name="java.class.path" value="C:\Users\ednar\IdeaProjects\Maintest\target\test-classes;C:\Users\ednar\IdeaProjects\Maintest\target\classes;C:\Users\ednar\.m2\repository\org\seleniumhq\selenium\selenium-java\3.0.1\selenium-java-3.0.1.jar;C:\Users\ednar\.m2\repository\org\seleniumhq\selenium\selenium-chrome-driver\3.0.1\selenium-chrome-driver-3.0.1.jar;C:\Users\ednar\.m2\repository\org\seleniumhq\selenium\selenium-remote-driver\3.0.1\selenium-remote-driver-3.0.1.jar;C:\Users\ednar\.m2\repository\org\seleniumhq\selenium\selenium-api\3.0.1\selenium-api-3.0.1.jar;C:\Users\ednar\.m2\repository\cglib\cglib-nodep\3.2.4\cglib-nodep-3.2.4.jar;C:\Users\ednar\.m2\repository\org\apache\commons\commons-exec\1.3\commons-exec-1.3.jar;C:\Users\ednar\.m2\repository\com\google\code\gson\gson\2.3.1\gson-2.3.1.jar;C:\Users\ednar\.m2\repository\net\java\dev\jna\jna-platform\4.1.0\jna-platform-4.1.0.jar;C:\Users\ednar\.m2\repository\net\java\dev\jna\jna\4.1.0\jna-4.1.0.jar;C:\Users\ednar\.m2\repository\org\seleniumhq\selenium\selenium-edge-driver\3.0.1\selenium-edge-driver-3.0.1.jar;C:\Users\ednar\.m2\repository\org\seleniumhq\selenium\selenium-firefox-driver\3.0.1\selenium-firefox-driver-3.0.1.jar;C:\Users\ednar\.m2\repository\org\seleniumhq\selenium\selenium-ie-driver\3.0.1\selenium-ie-driver-3.0.1.jar;C:\Users\ednar\.m2\repository\org\seleniumhq\selenium\selenium-opera-driver\3.0.1\selenium-opera-driver-3.0.1.jar;C:\Users\ednar\.m2\repository\org\seleniumhq\selenium\selenium-safari-driver\3.0.1\selenium-safari-driver-3.0.1.jar;C:\Users\ednar\.m2\repository\io\netty\netty\3.5.7.Final\netty-3.5.7.Final.jar;C:\Users\ednar\.m2\repository\org\seleniumhq\selenium\selenium-support\3.0.1\selenium-support-3.0.1.jar;C:\Users\ednar\.m2\repository\junit\junit\4.12\junit-4.12.jar;C:\Users\ednar\.m2\repository\org\hamcrest\hamcrest-core\1.3\hamcrest-core-1.3.jar;C:\Users\ednar\.m2\repository\net\sourceforge\htmlunit\htmlunit\2.23\htmlunit-2.23.jar;C:\Users\ednar\.m2\repository\xalan\xalan\2.7.2\xalan-2.7.2.jar;C:\Users\ednar\.m2\repository\xalan\serializer\2.7.2\serializer-2.7.2.jar;C:\Users\ednar\.m2\repository\org\apache\commons\commons-lang3\3.4\commons-lang3-3.4.jar;C:\Users\ednar\.m2\repository\org\apache\httpcomponents\httpclient\4.5.2\httpclient-4.5.2.jar;C:\Users\ednar\.m2\repository\org\apache\httpcomponents\httpcore\4.4.4\httpcore-4.4.4.jar;C:\Users\ednar\.m2\repository\org\apache\httpcomponents\httpmime\4.5.2\httpmime-4.5.2.jar;C:\Users\ednar\.m2\repository\commons-codec\commons-codec\1.10\commons-codec-1.10.jar;C:\Users\ednar\.m2\repository\net\sourceforge\htmlunit\htmlunit-core-js\2.23\htmlunit-core-js-2.23.jar;C:\Users\ednar\.m2\repository\net\sourceforge\htmlunit\neko-htmlunit\2.23\neko-htmlunit-2.23.jar;C:\Users\ednar\.m2\repository\xerces\xercesImpl\2.11.0\xercesImpl-2.11.0.jar;C:\Users\ednar\.m2\repository\xml-apis\xml-apis\1.4.01\xml-apis-1.4.01.jar;C:\Users\ednar\.m2\repository\net\sourceforge\cssparser\cssparser\0.9.20\cssparser-0.9.20.jar;C:\Users\ednar\.m2\repository\org\w3c\css\sac\1.3\sac-1.3.jar;C:\Users\ednar\.m2\repository\commons-io\commons-io\2.5\commons-io-2.5.jar;C:\Users\ednar\.m2\repository\commons-logging\commons-logging\1.2\commons-logging-1.2.jar;C:\Users\ednar\.m2\repository\com\codeborne\phantomjsdriver\1.3.0\phantomjsdriver-1.3.0.jar;C:\Users\ednar\.m2\repository\org\eclipse\jetty\websocket\websocket-client\9.2.15.v20160210\websocket-client-9.2.15.v20160210.jar;C:\Users\ednar\.m2\repository\org\eclipse\jetty\jetty-util\9.2.15.v20160210\jetty-util-9.2.15.v20160210.jar;C:\Users\ednar\.m2\repository\org\eclipse\jetty\jetty-io\9.2.15.v20160210\jetty-io-9.2.15.v20160210.jar;C:\Users\ednar\.m2\repository\org\eclipse\jetty\websocket\websocket-common\9.2.15.v20160210\websocket-common-9.2.15.v20160210.jar;C:\Users\ednar\.m2\repository\org\eclipse\jetty\websocket\websocket-api\9.2.15.v20160210\websocket-api-9.2.15.v20160210.jar;C:\Users\ednar\.m2\repository\org\testng\testng\7.1.0\testng-7.1.0.jar;C:\Users\ednar\.m2\repository\com\beust\jcommander\1.72\jcommander-1.72.jar;C:\Users\ednar\.m2\repository\com\google\inject\guice\4.1.0\guice-4.1.0-no_aop.jar;C:\Users\ednar\.m2\repository\javax\inject\javax.inject\1\javax.inject-1.jar;C:\Users\ednar\.m2\repository\aopalliance\aopalliance\1.0\aopalliance-1.0.jar;C:\Users\ednar\.m2\repository\com\google\guava\guava\19.0\guava-19.0.jar;C:\Users\ednar\.m2\repository\org\yaml\snakeyaml\1.21\snakeyaml-1.21.jar;C:/Users/ednar/IdeaProjects/Maintest/src/main/resources/maven-surefire-plugin-2.22.1.jar;C:/Users/ednar/IdeaProjects/Maintest/src/main/resources/surefire-testng-2.22.1.jar;"/>
    <property name="java.vm.vendor" value="Oracle Corporation"/>
    <property name="sun.arch.data.model" value="32"/>
    <property name="user.variant" value=""/>
    <property name="java.vendor.url" value="http://java.oracle.com/"/>
    <property name="user.timezone" value="Europe/Moscow"/>
    <property name="java.vm.specification.version" value="1.8"/>
    <property name="os.name" value="Windows 10"/>
    <property name="user.country" value="RU"/>
    <property name="sun.java.launcher" value="SUN_STANDARD"/>
    <property name="sun.boot.library.path" value="C:\Program Files (x86)\Java\jdk1.8.0_181\jre\bin"/>
    <property name="sun.java.command" value="C:\Users\ednar\AppData\Local\Temp\surefire1064741130021169353\surefirebooter1818380078634817088.jar C:\Users\ednar\AppData\Local\Temp\surefire1064741130021169353 2020-03-02T12-59-41_422-jvmRun1 surefire4347703963790448654tmp surefire_05125670828969395886tmp"/>
    <property name="surefire.test.class.path" value="C:\Users\ednar\IdeaProjects\Maintest\target\test-classes;C:\Users\ednar\IdeaProjects\Maintest\target\classes;C:\Users\ednar\.m2\repository\org\seleniumhq\selenium\selenium-java\3.0.1\selenium-java-3.0.1.jar;C:\Users\ednar\.m2\repository\org\seleniumhq\selenium\selenium-chrome-driver\3.0.1\selenium-chrome-driver-3.0.1.jar;C:\Users\ednar\.m2\repository\org\seleniumhq\selenium\selenium-remote-driver\3.0.1\selenium-remote-driver-3.0.1.jar;C:\Users\ednar\.m2\repository\org\seleniumhq\selenium\selenium-api\3.0.1\selenium-api-3.0.1.jar;C:\Users\ednar\.m2\repository\cglib\cglib-nodep\3.2.4\cglib-nodep-3.2.4.jar;C:\Users\ednar\.m2\repository\org\apache\commons\commons-exec\1.3\commons-exec-1.3.jar;C:\Users\ednar\.m2\repository\com\google\code\gson\gson\2.3.1\gson-2.3.1.jar;C:\Users\ednar\.m2\repository\net\java\dev\jna\jna-platform\4.1.0\jna-platform-4.1.0.jar;C:\Users\ednar\.m2\repository\net\java\dev\jna\jna\4.1.0\jna-4.1.0.jar;C:\Users\ednar\.m2\repository\org\seleniumhq\selenium\selenium-edge-driver\3.0.1\selenium-edge-driver-3.0.1.jar;C:\Users\ednar\.m2\repository\org\seleniumhq\selenium\selenium-firefox-driver\3.0.1\selenium-firefox-driver-3.0.1.jar;C:\Users\ednar\.m2\repository\org\seleniumhq\selenium\selenium-ie-driver\3.0.1\selenium-ie-driver-3.0.1.jar;C:\Users\ednar\.m2\repository\org\seleniumhq\selenium\selenium-opera-driver\3.0.1\selenium-opera-driver-3.0.1.jar;C:\Users\ednar\.m2\repository\org\seleniumhq\selenium\selenium-safari-driver\3.0.1\selenium-safari-driver-3.0.1.jar;C:\Users\ednar\.m2\repository\io\netty\netty\3.5.7.Final\netty-3.5.7.Final.jar;C:\Users\ednar\.m2\repository\org\seleniumhq\selenium\selenium-support\3.0.1\selenium-support-3.0.1.jar;C:\Users\ednar\.m2\repository\junit\junit\4.12\junit-4.12.jar;C:\Users\ednar\.m2\repository\org\hamcrest\hamcrest-core\1.3\hamcrest-core-1.3.jar;C:\Users\ednar\.m2\repository\net\sourceforge\htmlunit\htmlunit\2.23\htmlunit-2.23.jar;C:\Users\ednar\.m2\repository\xalan\xalan\2.7.2\xalan-2.7.2.jar;C:\Users\ednar\.m2\repository\xalan\serializer\2.7.2\serializer-2.7.2.jar;C:\Users\ednar\.m2\repository\org\apache\commons\commons-lang3\3.4\commons-lang3-3.4.jar;C:\Users\ednar\.m2\repository\org\apache\httpcomponents\httpclient\4.5.2\httpclient-4.5.2.jar;C:\Users\ednar\.m2\repository\org\apache\httpcomponents\httpcore\4.4.4\httpcore-4.4.4.jar;C:\Users\ednar\.m2\repository\org\apache\httpcomponents\httpmime\4.5.2\httpmime-4.5.2.jar;C:\Users\ednar\.m2\repository\commons-codec\commons-codec\1.10\commons-codec-1.10.jar;C:\Users\ednar\.m2\repository\net\sourceforge\htmlunit\htmlunit-core-js\2.23\htmlunit-core-js-2.23.jar;C:\Users\ednar\.m2\repository\net\sourceforge\htmlunit\neko-htmlunit\2.23\neko-htmlunit-2.23.jar;C:\Users\ednar\.m2\repository\xerces\xercesImpl\2.11.0\xercesImpl-2.11.0.jar;C:\Users\ednar\.m2\repository\xml-apis\xml-apis\1.4.01\xml-apis-1.4.01.jar;C:\Users\ednar\.m2\repository\net\sourceforge\cssparser\cssparser\0.9.20\cssparser-0.9.20.jar;C:\Users\ednar\.m2\repository\org\w3c\css\sac\1.3\sac-1.3.jar;C:\Users\ednar\.m2\repository\commons-io\commons-io\2.5\commons-io-2.5.jar;C:\Users\ednar\.m2\repository\commons-logging\commons-logging\1.2\commons-logging-1.2.jar;C:\Users\ednar\.m2\repository\com\codeborne\phantomjsdriver\1.3.0\phantomjsdriver-1.3.0.jar;C:\Users\ednar\.m2\repository\org\eclipse\jetty\websocket\websocket-client\9.2.15.v20160210\websocket-client-9.2.15.v20160210.jar;C:\Users\ednar\.m2\repository\org\eclipse\jetty\jetty-util\9.2.15.v20160210\jetty-util-9.2.15.v20160210.jar;C:\Users\ednar\.m2\repository\org\eclipse\jetty\jetty-io\9.2.15.v20160210\jetty-io-9.2.15.v20160210.jar;C:\Users\ednar\.m2\repository\org\eclipse\jetty\websocket\websocket-common\9.2.15.v20160210\websocket-common-9.2.15.v20160210.jar;C:\Users\ednar\.m2\repository\org\eclipse\jetty\websocket\websocket-api\9.2.15.v20160210\websocket-api-9.2.15.v20160210.jar;C:\Users\ednar\.m2\repository\org\testng\testng\7.1.0\testng-7.1.0.jar;C:\Users\ednar\.m2\repository\com\beust\jcommander\1.72\jcommander-1.72.jar;C:\Users\ednar\.m2\repository\com\google\inject\guice\4.1.0\guice-4.1.0-no_aop.jar;C:\Users\ednar\.m2\repository\javax\inject\javax.inject\1\javax.inject-1.jar;C:\Users\ednar\.m2\repository\aopalliance\aopalliance\1.0\aopalliance-1.0.jar;C:\Users\ednar\.m2\repository\com\google\guava\guava\19.0\guava-19.0.jar;C:\Users\ednar\.m2\repository\org\yaml\snakeyaml\1.21\snakeyaml-1.21.jar;C:/Users/ednar/IdeaProjects/Maintest/src/main/resources/maven-surefire-plugin-2.22.1.jar;C:/Users/ednar/IdeaProjects/Maintest/src/main/resources/surefire-testng-2.22.1.jar;"/>
    <property name="sun.cpu.endian" value="little"/>
    <property name="user.home" value="C:\Users\ednar"/>
    <property name="user.language" value="ru"/>
    <property name="java.specification.vendor" value="Oracle Corporation"/>
    <property name="java.home" value="C:\Program Files (x86)\Java\jdk1.8.0_181\jre"/>
    <property name="basedir" value="C:\Users\ednar\IdeaProjects\Maintest"/>
    <property name="file.separator" value="\"/>
    <property name="line.separator" value="&#10;"/>
    <property name="java.vm.specification.vendor" value="Oracle Corporation"/>
    <property name="java.specification.name" value="Java Platform API Specification"/>
    <property name="java.awt.graphicsenv" value="sun.awt.Win32GraphicsEnvironment"/>
    <property name="surefire.real.class.path" value="C:\Users\ednar\AppData\Local\Temp\surefire1064741130021169353\surefirebooter1818380078634817088.jar"/>
    <property name="sun.boot.class.path" value="C:\Program Files (x86)\Java\jdk1.8.0_181\jre\lib\resources.jar;C:\Program Files (x86)\Java\jdk1.8.0_181\jre\lib\rt.jar;C:\Program Files (x86)\Java\jdk1.8.0_181\jre\lib\sunrsasign.jar;C:\Program Files (x86)\Java\jdk1.8.0_181\jre\lib\jsse.jar;C:\Program Files (x86)\Java\jdk1.8.0_181\jre\lib\jce.jar;C:\Program Files (x86)\Java\jdk1.8.0_181\jre\lib\charsets.jar;C:\Program Files (x86)\Java\jdk1.8.0_181\jre\lib\jfr.jar;C:\Program Files (x86)\Java\jdk1.8.0_181\jre\classes"/>
    <property name="user.script" value=""/>
    <property name="sun.management.compiler" value="HotSpot Client Compiler"/>
    <property name="java.runtime.version" value="1.8.0_181-b13"/>
    <property name="user.name" value="ednar"/>
    <property name="path.separator" value=";"/>
    <property name="os.version" value="10.0"/>
    <property name="java.endorsed.dirs" value="C:\Program Files (x86)\Java\jdk1.8.0_181\jre\lib\endorsed"/>
    <property name="java.runtime.name" value="Java(TM) SE Runtime Environment"/>
    <property name="file.encoding" value="Cp1251"/>
    <property name="java.vm.name" value="Java HotSpot(TM) Client VM"/>
    <property name="localRepository" value="C:\Users\ednar\.m2\repository"/>
    <property name="java.vendor.url.bug" value="http://bugreport.sun.com/bugreport/"/>
    <property name="java.io.tmpdir" value="C:\Users\ednar\AppData\Local\Temp\"/>
    <property name="java.version" value="1.8.0_181"/>
    <property name="user.dir" value="C:\Users\ednar\IdeaProjects\Maintest"/>
    <property name="os.arch" value="x86"/>
    <property name="java.vm.specification.name" value="Java Virtual Machine Specification"/>
    <property name="java.awt.printerjob" value="sun.awt.windows.WPrinterJob"/>
    <property name="sun.os.patch.level" value=""/>
    <property name="java.library.path" value="C:\Program Files (x86)\Java\jdk1.8.0_181\jre\bin;C:\WINDOWS\Sun\Java\bin;C:\WINDOWS\system32;C:\WINDOWS;C:\WINDOWS\system32;C:\WINDOWS;C:\WINDOWS\System32\Wbem;C:\WINDOWS\System32\WindowsPowerShell\v1.0\;C:\Program Files\dotnet\;C:\WINDOWS\System32\OpenSSH\;C:\Program Files (x86)\Common Files\Acronis\SnapAPI\;C:\Program Files\Git\cmd;C:\Program Files (x86)\Java\jdk1.8.0_181\bin;C:\Program Files\apache-maven-3.6.3\bin;%JAVA_HOME\bin;C:\xampp\php;C:\composer;C:\Users\ednar\AppData\Local\Microsoft\WindowsApps;C:\Program Files\JetBrains\IntelliJ IDEA Community Edition 2019.3.1\bin;;C:\Program Files\JetBrains\PhpStorm 2019.3.2\bin;;C:\Users\ednar\AppData\Roaming\Composer\vendor\bin;."/>
    <property name="java.vm.info" value="mixed mode"/>
    <property name="java.vendor" value="Oracle Corporation"/>
    <property name="java.vm.version" value="25.181-b13"/>
    <property name="java.ext.dirs" value="C:\Program Files (x86)\Java\jdk1.8.0_181\jre\lib\ext;C:\WINDOWS\Sun\Java\lib\ext"/>
    <property name="sun.io.unicode.encoding" value="UnicodeLittle"/>
    <property name="java.class.version" value="52.0"/>
  </properties>
  <testcase name="errorassert" classname="Plinor.pagesTest" time="78.854"/>
</testsuite>