<?xml version="1.0" encoding="UTF-8"?>
<!-- Generated by org.testng.reporters.JUnitReportReporter -->
<testsuite skipped="0" hostname="DESKTOP-V23EM5H" name="Plinor.pagesTest" tests="1" failures="0" timestamp="2020-02-16T17:44:23 MSK" time="46.560" errors="0">
  <testcase name="errorassert" time="46.560" classname="Plinor.pagesTest"/>
  <system-out/>
</testsuite> <!-- Plinor.pagesTest -->
