<?xml version="1.0" encoding="UTF-8"?>
<!-- Generated by org.testng.reporters.JUnitReportReporter -->
<testsuite skipped="0" hostname="DESKTOP-V23EM5H" name="Plinor.pagesTest" tests="1" failures="0" timestamp="2020-03-02T13:01:02 MSK" time="78.854" errors="0">
  <testcase name="errorassert" time="78.854" classname="Plinor.pagesTest"/>
  <system-out/>
</testsuite> <!-- Plinor.pagesTest -->
